build/app/intermediates/manifest_merge_blame_file/debug/manifest-merger-blame-debug-report.txt
1<?xml version="1.0" encoding="utf-8"?>
2<manifest xmlns:android="http://schemas.android.com/apk/res/android"
3    package="com.paperaffa.event2day"
4    android:versionCode="8"
5    android:versionName="3.0.0" >
6
7    <uses-sdk
8        android:minSdkVersion="21"
9        android:targetSdkVersion="30" />
10    <!--
11         Flutter needs it to communicate with the running application
12         to allow setting breakpoints, to provide hot reload, etc.
13    -->
14    <uses-permission android:name="android.permission.INTERNET" />
14-->src/main/AndroidManifest.xml:5:5-66
14-->src/main/AndroidManifest.xml:5:22-64
15    <uses-permission android:name="android.permission.READ_EXTERNAL_STORAGE" />
15-->[:image_picker] AndroidManifest.xml:7:5-80
15-->[:image_picker] AndroidManifest.xml:7:22-77
16    <uses-permission android:name="android.permission.WRITE_EXTERNAL_STORAGE" />
16-->[:image_picker] AndroidManifest.xml:8:5-81
16-->[:image_picker] AndroidManifest.xml:8:22-78
17    <uses-permission android:name="android.permission.ACCESS_NETWORK_STATE" />
17-->[:firebase_analytics] AndroidManifest.xml:7:5-79
17-->[:firebase_analytics] AndroidManifest.xml:7:22-76
18    <uses-permission android:name="android.permission.WAKE_LOCK" />
18-->[:firebase_analytics] AndroidManifest.xml:9:5-68
18-->[:firebase_analytics] AndroidManifest.xml:9:22-65
19    <uses-permission android:name="android.permission.ACCESS_WIFI_STATE" />
19-->[:connectivity] AndroidManifest.xml:8:5-76
19-->[:connectivity] AndroidManifest.xml:8:22-73
20
21    <uses-feature
21-->[com.google.android.gms:play-services-maps:17.0.0] AndroidManifest.xml:26:5-28:35
22        android:glEsVersion="0x00020000"
22-->[com.google.android.gms:play-services-maps:17.0.0] AndroidManifest.xml:27:9-41
23        android:required="true" />
23-->[com.google.android.gms:play-services-maps:17.0.0] AndroidManifest.xml:28:9-32
24
25    <uses-permission android:name="com.google.android.finsky.permission.BIND_GET_INSTALL_REFERRER_SERVICE" /> <!-- Required by older versions of Google Play services to create IID tokens -->
25-->[com.google.android.gms:play-services-measurement:17.4.1] AndroidManifest.xml:26:5-110
25-->[com.google.android.gms:play-services-measurement:17.4.1] AndroidManifest.xml:26:22-107
26    <uses-permission android:name="com.google.android.c2dm.permission.RECEIVE" />
26-->[com.google.firebase:firebase-iid:20.1.7] AndroidManifest.xml:26:5-82
26-->[com.google.firebase:firebase-iid:20.1.7] AndroidManifest.xml:26:22-79
27
28    <application
28-->src/main/AndroidManifest.xml:8:5-85:19
29        android:name="io.flutter.app.FlutterApplication"
29-->src/main/AndroidManifest.xml:9:9-57
30        android:appComponentFactory="androidx.core.app.CoreComponentFactory"
30-->[androidx.core:core:1.3.1] AndroidManifest.xml:24:18-86
31        android:debuggable="true"
32        android:icon="@mipmap/ic_launcher"
32-->src/main/AndroidManifest.xml:11:9-43
33        android:label="Event2Day"
33-->src/main/AndroidManifest.xml:10:9-34
34        android:supportsRtl="true" >
34-->[com.facebook.android:facebook-login:5.5.1] AndroidManifest.xml:28:18-44
35        <activity
35-->src/main/AndroidManifest.xml:12:9-47:20
36            android:name="com.paperaffa.event2day.MainActivity"
36-->src/main/AndroidManifest.xml:13:13-41
37            android:configChanges="orientation|keyboardHidden|keyboard|screenSize|smallestScreenSize|locale|layoutDirection|fontScale|screenLayout|density|uiMode"
37-->src/main/AndroidManifest.xml:16:13-163
38            android:hardwareAccelerated="true"
38-->src/main/AndroidManifest.xml:17:13-47
39            android:launchMode="singleTop"
39-->src/main/AndroidManifest.xml:14:13-43
40            android:theme="@style/LaunchTheme"
40-->src/main/AndroidManifest.xml:15:13-47
41            android:windowSoftInputMode="adjustResize" >
41-->src/main/AndroidManifest.xml:18:13-55
42
43            <!--
44                 Specifies an Android theme to apply to this Activity as soon as
45                 the Android process has started. This theme is visible to the user
46                 while the Flutter UI initializes. After that, this theme continues
47                 to determine the Window background behind the Flutter UI.
48            -->
49            <meta-data
49-->src/main/AndroidManifest.xml:23:13-26:17
50                android:name="io.flutter.embedding.android.NormalTheme"
50-->src/main/AndroidManifest.xml:24:15-70
51                android:resource="@style/NormalTheme" />
51-->src/main/AndroidManifest.xml:25:15-52
52            <!--
53                 Displays an Android View that continues showing the launch screen
54                 Drawable until Flutter paints its first frame, then this splash
55                 screen fades out. A splash screen is useful to avoid any visual
56                 gap between the end of Android's launch screen and the painting of
57                 Flutter's first frame.
58            -->
59            <meta-data
59-->src/main/AndroidManifest.xml:32:13-35:17
60                android:name="io.flutter.embedding.android.SplashScreenDrawable"
60-->src/main/AndroidManifest.xml:33:15-79
61                android:resource="@drawable/launch_background" />
61-->src/main/AndroidManifest.xml:34:15-61
62
63            <intent-filter>
63-->src/main/AndroidManifest.xml:36:13-39:29
64                <action android:name="android.intent.action.MAIN" />
64-->src/main/AndroidManifest.xml:37:17-68
64-->src/main/AndroidManifest.xml:37:25-66
65
66                <category android:name="android.intent.category.LAUNCHER" />
66-->src/main/AndroidManifest.xml:38:17-76
66-->src/main/AndroidManifest.xml:38:27-74
67            </intent-filter>
68            <intent-filter>
68-->src/main/AndroidManifest.xml:41:13-44:29
69                <action android:name="FLUTTER_NOTIFICATION_CLICK" />
69-->src/main/AndroidManifest.xml:42:17-69
69-->src/main/AndroidManifest.xml:42:25-66
70
71                <category android:name="android.intent.category.DEFAULT" />
71-->src/main/AndroidManifest.xml:43:17-76
71-->src/main/AndroidManifest.xml:43:27-73
72            </intent-filter>
73        </activity>
74        <!--
75             Don't delete the meta-data below.
76             This is used by the Flutter tool to generate GeneratedPluginRegistrant.java
77        -->
78        <meta-data
78-->src/main/AndroidManifest.xml:50:9-52:33
79            android:name="flutterEmbedding"
79-->src/main/AndroidManifest.xml:51:13-44
80            android:value="2" />
80-->src/main/AndroidManifest.xml:52:13-30
81        <meta-data
81-->src/main/AndroidManifest.xml:55:9-57:65
82            android:name="com.google.android.geo.API_KEY"
82-->src/main/AndroidManifest.xml:56:13-58
83            android:value="AIzaSyA-fE7BtlehhX****************" /> <!-- -Google map api key -->
83-->src/main/AndroidManifest.xml:57:13-63
84
85        <meta-data
85-->src/main/AndroidManifest.xml:59:9-60:54
86            android:name="com.facebook.sdk.ApplicationId"
86-->src/main/AndroidManifest.xml:59:20-65
87            android:value="@string/facebook_app_id" />
87-->src/main/AndroidManifest.xml:60:13-52
88
89        <activity
89-->src/main/AndroidManifest.xml:62:9-64:48
90            android:name="com.facebook.FacebookActivity"
90-->src/main/AndroidManifest.xml:62:19-63
91            android:configChanges="keyboard|keyboardHidden|screenLayout|screenSize|orientation"
91-->src/main/AndroidManifest.xml:63:13-96
92            android:label="@string/app_name"
92-->src/main/AndroidManifest.xml:64:13-45
93            android:theme="@style/com_facebook_activity_theme" />
93-->[com.facebook.android:facebook-common:5.5.1] AndroidManifest.xml:32:13-63
94        <activity
94-->src/main/AndroidManifest.xml:66:9-75:20
95            android:name="com.facebook.CustomTabActivity"
95-->src/main/AndroidManifest.xml:67:13-58
96            android:exported="true" >
96-->src/main/AndroidManifest.xml:68:13-36
97            <intent-filter>
97-->src/main/AndroidManifest.xml:69:13-74:29
98                <action android:name="android.intent.action.VIEW" />
98-->src/main/AndroidManifest.xml:70:17-69
98-->src/main/AndroidManifest.xml:70:25-66
99
100                <category android:name="android.intent.category.DEFAULT" />
100-->src/main/AndroidManifest.xml:43:17-76
100-->src/main/AndroidManifest.xml:43:27-73
101                <category android:name="android.intent.category.BROWSABLE" />
101-->src/main/AndroidManifest.xml:72:17-78
101-->src/main/AndroidManifest.xml:72:27-75
102
103                <data android:scheme="@string/fb_login_protocol_scheme" />
103-->src/main/AndroidManifest.xml:73:17-75
103-->src/main/AndroidManifest.xml:73:23-72
104            </intent-filter>
105        </activity>
106
107        <!-- -admob section -->
108
109        <meta-data
109-->src/main/AndroidManifest.xml:80:9-82:69
110            android:name="com.google.android.gms.ads.APPLICATION_ID"
110-->src/main/AndroidManifest.xml:81:13-69
111            android:value="ca-app-pub-3940256099942544~3347511713" />
111-->src/main/AndroidManifest.xml:82:13-67
112
113        <provider
113-->[:image_picker] AndroidManifest.xml:11:9-19:20
114            android:name="io.flutter.plugins.imagepicker.ImagePickerFileProvider"
114-->[:image_picker] AndroidManifest.xml:12:13-82
115            android:authorities="com.paperaffa.event2day.flutter.image_provider"
115-->[:image_picker] AndroidManifest.xml:13:13-74
116            android:exported="false"
116-->[:image_picker] AndroidManifest.xml:14:13-37
117            android:grantUriPermissions="true" >
117-->[:image_picker] AndroidManifest.xml:15:13-47
118            <meta-data
118-->[:image_picker] AndroidManifest.xml:16:13-18:75
119                android:name="android.support.FILE_PROVIDER_PATHS"
119-->[:image_picker] AndroidManifest.xml:17:17-67
120                android:resource="@xml/flutter_image_picker_file_paths" />
120-->[:image_picker] AndroidManifest.xml:18:17-72
121        </provider>
122
123        <service
123-->[:cloud_firestore] AndroidManifest.xml:8:9-12:19
124            android:name="com.google.firebase.components.ComponentDiscoveryService"
124-->[:cloud_firestore] AndroidManifest.xml:8:18-89
125            android:directBootAware="true"
125-->[com.google.firebase:firebase-common:19.3.0] AndroidManifest.xml:34:13-43
126            android:exported="false" >
126-->[com.google.firebase:firebase-auth:19.3.1] AndroidManifest.xml:35:13-37
127            <meta-data
127-->[:cloud_firestore] AndroidManifest.xml:9:13-11:85
128                android:name="com.google.firebase.components:io.flutter.plugins.firebase.firestore.FlutterFirebaseFirestoreRegistrar"
128-->[:cloud_firestore] AndroidManifest.xml:10:17-134
129                android:value="com.google.firebase.components.ComponentRegistrar" />
129-->[:cloud_firestore] AndroidManifest.xml:11:17-82
130            <meta-data
130-->[:firebase_auth] AndroidManifest.xml:9:13-11:85
131                android:name="com.google.firebase.components:io.flutter.plugins.firebase.auth.FlutterFirebaseAuthRegistrar"
131-->[:firebase_auth] AndroidManifest.xml:10:17-124
132                android:value="com.google.firebase.components.ComponentRegistrar" />
132-->[:firebase_auth] AndroidManifest.xml:11:17-82
133            <meta-data
133-->[:firebase_storage] AndroidManifest.xml:9:13-11:85
134                android:name="com.google.firebase.components:io.flutter.plugins.firebase.storage.FlutterFirebaseAppRegistrar"
134-->[:firebase_storage] AndroidManifest.xml:10:17-126
135                android:value="com.google.firebase.components.ComponentRegistrar" />
135-->[:firebase_storage] AndroidManifest.xml:11:17-82
136            <meta-data
136-->[:firebase_messaging] AndroidManifest.xml:14:13-16:85
137                android:name="com.google.firebase.components:io.flutter.plugins.firebasemessaging.FlutterFirebaseAppRegistrar"
137-->[:firebase_messaging] AndroidManifest.xml:15:17-127
138                android:value="com.google.firebase.components.ComponentRegistrar" />
138-->[:firebase_messaging] AndroidManifest.xml:16:17-82
139            <meta-data
139-->[:firebase_analytics] AndroidManifest.xml:13:13-15:85
140                android:name="com.google.firebase.components:io.flutter.plugins.firebaseanalytics.FlutterFirebaseAppRegistrar"
140-->[:firebase_analytics] AndroidManifest.xml:14:17-127
141                android:value="com.google.firebase.components.ComponentRegistrar" />
141-->[:firebase_analytics] AndroidManifest.xml:15:17-82
142            <meta-data
142-->[:firebase_core] AndroidManifest.xml:9:13-11:85
143                android:name="com.google.firebase.components:io.flutter.plugins.firebase.core.FlutterFirebaseCoreRegistrar"
143-->[:firebase_core] AndroidManifest.xml:10:17-124
144                android:value="com.google.firebase.components.ComponentRegistrar" />
144-->[:firebase_core] AndroidManifest.xml:11:17-82
145            <meta-data
145-->[com.google.firebase:firebase-auth:19.3.1] AndroidManifest.xml:36:13-38:85
146                android:name="com.google.firebase.components:com.google.firebase.auth.FirebaseAuthRegistrar"
146-->[com.google.firebase:firebase-auth:19.3.1] AndroidManifest.xml:37:17-109
147                android:value="com.google.firebase.components.ComponentRegistrar" />
147-->[com.google.firebase:firebase-auth:19.3.1] AndroidManifest.xml:38:17-82
148            <meta-data
148-->[com.google.firebase:firebase-messaging:20.1.7] AndroidManifest.xml:38:13-40:85
149                android:name="com.google.firebase.components:com.google.firebase.messaging.FirebaseMessagingRegistrar"
149-->[com.google.firebase:firebase-messaging:20.1.7] AndroidManifest.xml:39:17-119
150                android:value="com.google.firebase.components.ComponentRegistrar" />
150-->[com.google.firebase:firebase-messaging:20.1.7] AndroidManifest.xml:40:17-82
151            <meta-data
151-->[com.google.firebase:firebase-firestore:21.4.3] AndroidManifest.xml:20:13-22:85
152                android:name="com.google.firebase.components:com.google.firebase.firestore.FirestoreRegistrar"
152-->[com.google.firebase:firebase-firestore:21.4.3] AndroidManifest.xml:21:17-111
153                android:value="com.google.firebase.components.ComponentRegistrar" />
153-->[com.google.firebase:firebase-firestore:21.4.3] AndroidManifest.xml:22:17-82
154            <meta-data
154-->[com.google.android.gms:play-services-measurement-api:17.4.1] AndroidManifest.xml:30:13-32:85
155                android:name="com.google.firebase.components:com.google.firebase.analytics.connector.internal.AnalyticsConnectorRegistrar"
155-->[com.google.android.gms:play-services-measurement-api:17.4.1] AndroidManifest.xml:31:17-139
156                android:value="com.google.firebase.components.ComponentRegistrar" />
156-->[com.google.android.gms:play-services-measurement-api:17.4.1] AndroidManifest.xml:32:17-82
157            <meta-data
157-->[com.google.firebase:firebase-storage:19.1.1] AndroidManifest.xml:33:13-35:85
158                android:name="com.google.firebase.components:com.google.firebase.storage.StorageRegistrar"
158-->[com.google.firebase:firebase-storage:19.1.1] AndroidManifest.xml:34:17-107
159                android:value="com.google.firebase.components.ComponentRegistrar" />
159-->[com.google.firebase:firebase-storage:19.1.1] AndroidManifest.xml:35:17-82
160            <meta-data
160-->[com.google.firebase:firebase-inappmessaging-display:19.0.6] AndroidManifest.xml:18:13-20:85
161                android:name="com.google.firebase.components:com.google.firebase.inappmessaging.display.FirebaseInAppMessagingDisplayRegistrar"
161-->[com.google.firebase:firebase-inappmessaging-display:19.0.6] AndroidManifest.xml:19:17-144
162                android:value="com.google.firebase.components.ComponentRegistrar" />
162-->[com.google.firebase:firebase-inappmessaging-display:19.0.6] AndroidManifest.xml:20:17-82
163            <meta-data
163-->[com.google.firebase:firebase-inappmessaging:19.0.6] AndroidManifest.xml:17:13-19:85
164                android:name="com.google.firebase.components:com.google.firebase.inappmessaging.FirebaseInAppMessagingRegistrar"
164-->[com.google.firebase:firebase-inappmessaging:19.0.6] AndroidManifest.xml:18:17-129
165                android:value="com.google.firebase.components.ComponentRegistrar" />
165-->[com.google.firebase:firebase-inappmessaging:19.0.6] AndroidManifest.xml:19:17-82
166            <meta-data
166-->[com.google.firebase:firebase-iid:20.1.7] AndroidManifest.xml:32:13-34:85
167                android:name="com.google.firebase.components:com.google.firebase.iid.Registrar"
167-->[com.google.firebase:firebase-iid:20.1.7] AndroidManifest.xml:33:17-96
168                android:value="com.google.firebase.components.ComponentRegistrar" />
168-->[com.google.firebase:firebase-iid:20.1.7] AndroidManifest.xml:34:17-82
169            <meta-data
169-->[com.google.firebase:firebase-datatransport:17.0.3] AndroidManifest.xml:28:13-30:85
170                android:name="com.google.firebase.components:com.google.firebase.datatransport.TransportRegistrar"
170-->[com.google.firebase:firebase-datatransport:17.0.3] AndroidManifest.xml:29:17-115
171                android:value="com.google.firebase.components.ComponentRegistrar" />
171-->[com.google.firebase:firebase-datatransport:17.0.3] AndroidManifest.xml:30:17-82
172            <meta-data
172-->[com.google.firebase:firebase-installations:16.3.0] AndroidManifest.xml:17:13-19:85
173                android:name="com.google.firebase.components:com.google.firebase.installations.FirebaseInstallationsRegistrar"
173-->[com.google.firebase:firebase-installations:16.3.0] AndroidManifest.xml:18:17-127
174                android:value="com.google.firebase.components.ComponentRegistrar" />
174-->[com.google.firebase:firebase-installations:16.3.0] AndroidManifest.xml:19:17-82
175            <meta-data
175-->[com.google.firebase:firebase-abt:19.0.1] AndroidManifest.xml:13:13-15:85
176                android:name="com.google.firebase.components:com.google.firebase.abt.component.AbtRegistrar"
176-->[com.google.firebase:firebase-abt:19.0.1] AndroidManifest.xml:14:17-109
177                android:value="com.google.firebase.components.ComponentRegistrar" />
177-->[com.google.firebase:firebase-abt:19.0.1] AndroidManifest.xml:15:17-82
178        </service>
179        <service android:name="io.flutter.plugins.firebasemessaging.FlutterFirebaseMessagingService" >
179-->[:firebase_messaging] AndroidManifest.xml:8:9-12:19
179-->[:firebase_messaging] AndroidManifest.xml:8:18-101
180            <intent-filter>
180-->[:firebase_messaging] AndroidManifest.xml:9:13-11:29
181                <action android:name="com.google.firebase.MESSAGING_EVENT" />
181-->[:firebase_messaging] AndroidManifest.xml:10:17-78
181-->[:firebase_messaging] AndroidManifest.xml:10:25-75
182            </intent-filter>
183        </service>
184
185        <provider
185-->[:share] AndroidManifest.xml:8:9-16:20
186            android:name="io.flutter.plugins.share.ShareFileProvider"
186-->[:share] AndroidManifest.xml:9:13-70
187            android:authorities="com.paperaffa.event2day.flutter.share_provider"
187-->[:share] AndroidManifest.xml:10:13-74
188            android:exported="false"
188-->[:share] AndroidManifest.xml:11:13-37
189            android:grantUriPermissions="true" >
189-->[:share] AndroidManifest.xml:12:13-47
190            <meta-data
190-->[:image_picker] AndroidManifest.xml:16:13-18:75
191                android:name="android.support.FILE_PROVIDER_PATHS"
191-->[:image_picker] AndroidManifest.xml:17:17-67
192                android:resource="@xml/flutter_share_file_paths" />
192-->[:image_picker] AndroidManifest.xml:18:17-72
193        </provider>
194
195        <activity
195-->[:url_launcher] AndroidManifest.xml:8:9-11:74
196            android:name="io.flutter.plugins.urllauncher.WebViewActivity"
196-->[:url_launcher] AndroidManifest.xml:9:13-74
197            android:exported="false"
197-->[:url_launcher] AndroidManifest.xml:10:13-37
198            android:theme="@android:style/Theme.NoTitleBar.Fullscreen" /> <!-- Needs to be explicitly declared on P+ -->
198-->[:url_launcher] AndroidManifest.xml:11:13-71
199        <uses-library
199-->[com.google.android.gms:play-services-maps:17.0.0] AndroidManifest.xml:33:9-35:40
200            android:name="org.apache.http.legacy"
200-->[com.google.android.gms:play-services-maps:17.0.0] AndroidManifest.xml:34:13-50
201            android:required="false" />
201-->[com.google.android.gms:play-services-maps:17.0.0] AndroidManifest.xml:35:13-37
202
203        <activity
203-->[com.google.firebase:firebase-auth:19.3.1] AndroidManifest.xml:24:9-31:50
204            android:name="com.google.firebase.auth.internal.FederatedSignInActivity"
204-->[com.google.firebase:firebase-auth:19.3.1] AndroidManifest.xml:25:13-85
205            android:excludeFromRecents="true"
205-->[com.google.firebase:firebase-auth:19.3.1] AndroidManifest.xml:26:13-46
206            android:exported="true"
206-->[com.google.firebase:firebase-auth:19.3.1] AndroidManifest.xml:27:13-36
207            android:launchMode="singleTask"
207-->[com.google.firebase:firebase-auth:19.3.1] AndroidManifest.xml:28:13-44
208            android:permission="com.google.firebase.auth.api.gms.permission.LAUNCH_FEDERATED_SIGN_IN"
208-->[com.google.firebase:firebase-auth:19.3.1] AndroidManifest.xml:29:13-102
209            android:theme="@android:style/Theme.Translucent.NoTitleBar" />
209-->[com.google.firebase:firebase-auth:19.3.1] AndroidManifest.xml:30:13-72
210        <activity
210-->[com.google.android.gms:play-services-auth:16.0.1] AndroidManifest.xml:23:9-27:75
211            android:name="com.google.android.gms.auth.api.signin.internal.SignInHubActivity"
211-->[com.google.android.gms:play-services-auth:16.0.1] AndroidManifest.xml:24:13-93
212            android:excludeFromRecents="true"
212-->[com.google.android.gms:play-services-auth:16.0.1] AndroidManifest.xml:25:13-46
213            android:exported="false"
213-->[com.google.android.gms:play-services-auth:16.0.1] AndroidManifest.xml:26:13-37
214            android:theme="@android:style/Theme.Translucent.NoTitleBar" />
214-->[com.google.android.gms:play-services-auth:16.0.1] AndroidManifest.xml:27:13-72
215        <!--
216            Service handling Google Sign-In user revocation. For apps that do not integrate with
217            Google Sign-In, this service will never be started.
218        -->
219        <service
219-->[com.google.android.gms:play-services-auth:16.0.1] AndroidManifest.xml:33:9-36:110
220            android:name="com.google.android.gms.auth.api.signin.RevocationBoundService"
220-->[com.google.android.gms:play-services-auth:16.0.1] AndroidManifest.xml:34:13-89
221            android:exported="true"
221-->[com.google.android.gms:play-services-auth:16.0.1] AndroidManifest.xml:35:13-36
222            android:permission="com.google.android.gms.auth.api.signin.permission.REVOCATION_NOTIFICATION" />
222-->[com.google.android.gms:play-services-auth:16.0.1] AndroidManifest.xml:36:13-107
223        <!--
224             FirebaseMessagingService performs security checks at runtime,
225             but set to not exported to explicitly avoid allowing another app to call it.
226        -->
227        <service
227-->[com.google.firebase:firebase-messaging:20.1.7] AndroidManifest.xml:28:9-34:19
228            android:name="com.google.firebase.messaging.FirebaseMessagingService"
228-->[com.google.firebase:firebase-messaging:20.1.7] AndroidManifest.xml:29:13-82
229            android:exported="false" >
229-->[com.google.firebase:firebase-messaging:20.1.7] AndroidManifest.xml:30:13-37
230            <intent-filter android:priority="-500" >
230-->[:firebase_messaging] AndroidManifest.xml:9:13-11:29
231                <action android:name="com.google.firebase.MESSAGING_EVENT" />
231-->[:firebase_messaging] AndroidManifest.xml:10:17-78
231-->[:firebase_messaging] AndroidManifest.xml:10:25-75
232            </intent-filter>
233        </service>
234
235        <receiver
235-->[com.google.android.gms:play-services-measurement:17.4.1] AndroidManifest.xml:29:9-33:20
236            android:name="com.google.android.gms.measurement.AppMeasurementReceiver"
236-->[com.google.android.gms:play-services-measurement:17.4.1] AndroidManifest.xml:30:13-85
237            android:enabled="true"
237-->[com.google.android.gms:play-services-measurement:17.4.1] AndroidManifest.xml:31:13-35
238            android:exported="false" >
238-->[com.google.android.gms:play-services-measurement:17.4.1] AndroidManifest.xml:32:13-37
239        </receiver>
240
241        <service
241-->[com.google.android.gms:play-services-measurement:17.4.1] AndroidManifest.xml:35:9-38:40
242            android:name="com.google.android.gms.measurement.AppMeasurementService"
242-->[com.google.android.gms:play-services-measurement:17.4.1] AndroidManifest.xml:36:13-84
243            android:enabled="true"
243-->[com.google.android.gms:play-services-measurement:17.4.1] AndroidManifest.xml:37:13-35
244            android:exported="false" />
244-->[com.google.android.gms:play-services-measurement:17.4.1] AndroidManifest.xml:38:13-37
245        <service
245-->[com.google.android.gms:play-services-measurement:17.4.1] AndroidManifest.xml:39:9-43:72
246            android:name="com.google.android.gms.measurement.AppMeasurementJobService"
246-->[com.google.android.gms:play-services-measurement:17.4.1] AndroidManifest.xml:40:13-87
247            android:enabled="true"
247-->[com.google.android.gms:play-services-measurement:17.4.1] AndroidManifest.xml:41:13-35
248            android:exported="false"
248-->[com.google.android.gms:play-services-measurement:17.4.1] AndroidManifest.xml:42:13-37
249            android:permission="android.permission.BIND_JOB_SERVICE" />
249-->[com.google.android.gms:play-services-measurement:17.4.1] AndroidManifest.xml:43:13-69
250
251        <receiver
251-->[com.google.firebase:firebase-iid:20.1.7] AndroidManifest.xml:37:9-44:20
252            android:name="com.google.firebase.iid.FirebaseInstanceIdReceiver"
252-->[com.google.firebase:firebase-iid:20.1.7] AndroidManifest.xml:38:13-78
253            android:exported="true"
253-->[com.google.firebase:firebase-iid:20.1.7] AndroidManifest.xml:39:13-36
254            android:permission="com.google.android.c2dm.permission.SEND" >
254-->[com.google.firebase:firebase-iid:20.1.7] AndroidManifest.xml:40:13-73
255            <intent-filter>
255-->[com.google.firebase:firebase-iid:20.1.7] AndroidManifest.xml:41:13-43:29
256                <action android:name="com.google.android.c2dm.intent.RECEIVE" />
256-->[com.google.firebase:firebase-iid:20.1.7] AndroidManifest.xml:42:17-81
256-->[com.google.firebase:firebase-iid:20.1.7] AndroidManifest.xml:42:25-78
257            </intent-filter>
258        </receiver>
259
260        <activity
260-->[com.google.android.gms:play-services-base:17.1.0] AndroidManifest.xml:23:9-26:75
261            android:name="com.google.android.gms.common.api.GoogleApiActivity"
261-->[com.google.android.gms:play-services-base:17.1.0] AndroidManifest.xml:24:13-79
262            android:exported="false"
262-->[com.google.android.gms:play-services-base:17.1.0] AndroidManifest.xml:25:13-37
263            android:theme="@android:style/Theme.Translucent.NoTitleBar" />
263-->[com.google.android.gms:play-services-base:17.1.0] AndroidManifest.xml:26:13-72
264
265        <provider
265-->[com.google.firebase:firebase-common:19.3.0] AndroidManifest.xml:26:9-30:39
266            android:name="com.google.firebase.provider.FirebaseInitProvider"
266-->[com.google.firebase:firebase-common:19.3.0] AndroidManifest.xml:27:13-77
267            android:authorities="com.paperaffa.event2day.firebaseinitprovider"
267-->[com.google.firebase:firebase-common:19.3.0] AndroidManifest.xml:28:13-72
268            android:exported="false"
268-->[com.google.firebase:firebase-common:19.3.0] AndroidManifest.xml:29:13-37
269            android:initOrder="100" /> <!-- Include the AdActivity and InAppPurchaseActivity configChanges and themes. -->
269-->[com.google.firebase:firebase-common:19.3.0] AndroidManifest.xml:30:13-36
270        <activity
270-->[com.google.android.gms:play-services-ads-lite:19.1.0] AndroidManifest.xml:29:9-33:64
271            android:name="com.google.android.gms.ads.AdActivity"
271-->[com.google.android.gms:play-services-ads-lite:19.1.0] AndroidManifest.xml:30:13-65
272            android:configChanges="keyboard|keyboardHidden|orientation|screenLayout|uiMode|screenSize|smallestScreenSize"
272-->[com.google.android.gms:play-services-ads-lite:19.1.0] AndroidManifest.xml:31:13-122
273            android:exported="false"
273-->[com.google.android.gms:play-services-ads-lite:19.1.0] AndroidManifest.xml:32:13-37
274            android:theme="@android:style/Theme.Translucent" />
274-->[com.google.android.gms:play-services-ads-lite:19.1.0] AndroidManifest.xml:33:13-61
275
276        <provider
276-->[com.google.android.gms:play-services-ads-lite:19.1.0] AndroidManifest.xml:35:9-39:39
277            android:name="com.google.android.gms.ads.MobileAdsInitProvider"
277-->[com.google.android.gms:play-services-ads-lite:19.1.0] AndroidManifest.xml:36:13-76
278            android:authorities="com.paperaffa.event2day.mobileadsinitprovider"
278-->[com.google.android.gms:play-services-ads-lite:19.1.0] AndroidManifest.xml:37:13-73
279            android:exported="false"
279-->[com.google.android.gms:play-services-ads-lite:19.1.0] AndroidManifest.xml:38:13-37
280            android:initOrder="100" />
280-->[com.google.android.gms:play-services-ads-lite:19.1.0] AndroidManifest.xml:39:13-36
281
282        <meta-data
282-->[com.google.android.gms:play-services-basement:17.0.0] AndroidManifest.xml:23:9-25:69
283            android:name="com.google.android.gms.version"
283-->[com.google.android.gms:play-services-basement:17.0.0] AndroidManifest.xml:24:13-58